# JRE version: OpenJDK Runtime Environment (8.0_76-b03) (build 1.8.0_76-release-b03)
# Java VM: OpenJDK 64-Bit Server VM (25.76-b03 mixed mode windows-amd64 compressed oops)
Heap:
 PSYoungGen      total 377856K, used 13622K [0x00000000e0000000, 0x00000000fef00000, 0x0000000100000000)
  eden space 375808K, 3% used [0x00000000e0000000,0x00000000e0d4d890,0x00000000f6f00000)
  from space 2048K, 0% used [0x00000000f6f00000,0x00000000f6f00000,0x00000000f7100000)
  to   space 65536K, 0% used [0x00000000faf00000,0x00000000faf00000,0x00000000fef00000)
 ParOldGen       total 127488K, used 36667K [0x00000000a0000000, 0x00000000a7c80000, 0x00000000e0000000)
  object space 127488K, 28% used [0x00000000a0000000,0x00000000a23ced18,0x00000000a7c80000)
 Metaspace       used 70896K, capacity 74238K, committed 74496K, reserved 1114112K
  class space    used 8850K, capacity 9386K, committed 9472K, reserved 1048576K
GC Heap History (10 events):
Event: 2081.536 GC heap before
{Heap before GC invocations=45 (full 8):
 PSYoungGen      total 379392K, used 3532K [0x00000000e0000000, 0x00000000ff800000, 0x0000000100000000)
  eden space 375808K, 0% used [0x00000000e0000000,0x00000000e0000000,0x00000000f6f00000)
  from space 3584K, 98% used [0x00000000f6f00000,0x00000000f7273028,0x00000000f7280000)
  to   space 70144K, 0% used [0x00000000fb380000,0x00000000fb380000,0x00000000ff800000)
 ParOldGen       total 127488K, used 35734K [0x00000000a0000000, 0x00000000a7c80000, 0x00000000e0000000)
  object space 127488K, 28% used [0x00000000a0000000,0x00000000a22e5b38,0x00000000a7c80000)
 Metaspace       used 70195K, capacity 73374K, committed 73600K, reserved 1114112K
  class space    used 8750K, capacity 9278K, committed 9344K, reserved 1048576K
Event: 2081.800 GC heap after
Heap after GC invocations=45 (full 8):
 PSYoungGen      total 379392K, used 0K [0x00000000e0000000, 0x00000000ff800000, 0x0000000100000000)
  eden space 375808K, 0% used [0x00000000e0000000,0x00000000e0000000,0x00000000f6f00000)
  from space 3584K, 0% used [0x00000000f6f00000,0x00000000f6f00000,0x00000000f7280000)
  to   space 70144K, 0% used [0x00000000fb380000,0x00000000fb380000,0x00000000ff800000)
 ParOldGen       total 127488K, used 37875K [0x00000000a0000000, 0x00000000a7c80000, 0x00000000e0000000)
  object space 127488K, 29% used [0x00000000a0000000,0x00000000a24fcd78,0x00000000a7c80000)
 Metaspace       used 70195K, capacity 73374K, committed 73600K, reserved 1114112K
  class space    used 8750K, capacity 9278K, committed 9344K, reserved 1048576K
}
Event: 2224.279 GC heap before
{Heap before GC invocations=46 (full 8):
 PSYoungGen      total 379392K, used 147930K [0x00000000e0000000, 0x00000000ff800000, 0x0000000100000000)
  eden space 375808K, 39% used [0x00000000e0000000,0x00000000e9076ae0,0x00000000f6f00000)
  from space 3584K, 0% used [0x00000000f6f00000,0x00000000f6f00000,0x00000000f7280000)
  to   space 70144K, 0% used [0x00000000fb380000,0x00000000fb380000,0x00000000ff800000)
 ParOldGen       total 127488K, used 37875K [0x00000000a0000000, 0x00000000a7c80000, 0x00000000e0000000)
  object space 127488K, 29% used [0x00000000a0000000,0x00000000a24fcd78,0x00000000a7c80000)
 Metaspace       used 70575K, capacity 73812K, committed 73856K, reserved 1114112K
  class space    used 8800K, capacity 9343K, committed 9344K, reserved 1048576K
Event: 2227.864 GC heap after
Heap after GC invocations=46 (full 8):
 PSYoungGen      total 441856K, used 1862K [0x00000000e0000000, 0x00000000ff400000, 0x0000000100000000)
  eden space 375808K, 0% used [0x00000000e0000000,0x00000000e0000000,0x00000000f6f00000)
  from space 66048K, 2% used [0x00000000fb380000,0x00000000fb551a40,0x00000000ff400000)
  to   space 68096K, 0% used [0x00000000f6f00000,0x00000000f6f00000,0x00000000fb180000)
 ParOldGen       total 127488K, used 37883K [0x00000000a0000000, 0x00000000a7c80000, 0x00000000e0000000)
  object space 127488K, 29% used [0x00000000a0000000,0x00000000a24fed78,0x00000000a7c80000)
 Metaspace       used 70575K, capacity 73812K, committed 73856K, reserved 1114112K
  class space    used 8800K, capacity 9343K, committed 9344K, reserved 1048576K
}
Event: 2227.864 GC heap before
{Heap before GC invocations=47 (full 9):
 PSYoungGen      total 441856K, used 1862K [0x00000000e0000000, 0x00000000ff400000, 0x0000000100000000)
  eden space 375808K, 0% used [0x00000000e0000000,0x00000000e0000000,0x00000000f6f00000)
  from space 66048K, 2% used [0x00000000fb380000,0x00000000fb551a40,0x00000000ff400000)
  to   space 68096K, 0% used [0x00000000f6f00000,0x00000000f6f00000,0x00000000fb180000)
 ParOldGen       total 127488K, used 37883K [0x00000000a0000000, 0x00000000a7c80000, 0x00000000e0000000)
  object space 127488K, 29% used [0x00000000a0000000,0x00000000a24fed78,0x00000000a7c80000)
 Metaspace       used 70575K, capacity 73812K, committed 73856K, reserved 1114112K
  class space    used 8800K, capacity 9343K, committed 9344K, reserved 1048576K
Event: 2231.993 GC heap after
Heap after GC invocations=47 (full 9):
 PSYoungGen      total 441856K, used 0K [0x00000000e0000000, 0x00000000ff400000, 0x0000000100000000)
  eden space 375808K, 0% used [0x00000000e0000000,0x00000000e0000000,0x00000000f6f00000)
  from space 66048K, 0% used [0x00000000fb380000,0x00000000fb380000,0x00000000ff400000)
  to   space 68096K, 0% used [0x00000000f6f00000,0x00000000f6f00000,0x00000000fb180000)
 ParOldGen       total 127488K, used 36772K [0x00000000a0000000, 0x00000000a7c80000, 0x00000000e0000000)
  object space 127488K, 28% used [0x00000000a0000000,0x00000000a23e9240,0x00000000a7c80000)
 Metaspace       used 70575K, capacity 73812K, committed 73856K, reserved 1114112K
  class space    used 8800K, capacity 9343K, committed 9344K, reserved 1048576K
}
Event: 2967.956 GC heap before
{Heap before GC invocations=48 (full 9):
 PSYoungGen      total 441856K, used 188586K [0x00000000e0000000, 0x00000000ff400000, 0x0000000100000000)
  eden space 375808K, 50% used [0x00000000e0000000,0x00000000eb82aa20,0x00000000f6f00000)
  from space 66048K, 0% used [0x00000000fb380000,0x00000000fb380000,0x00000000ff400000)
  to   space 68096K, 0% used [0x00000000f6f00000,0x00000000f6f00000,0x00000000fb180000)
 ParOldGen       total 127488K, used 36772K [0x00000000a0000000, 0x00000000a7c80000, 0x00000000e0000000)
  object space 127488K, 28% used [0x00000000a0000000,0x00000000a23e9240,0x00000000a7c80000)
 Metaspace       used 70887K, capacity 74216K, committed 74496K, reserved 1114112K
  class space    used 8840K, capacity 9391K, committed 9472K, reserved 1048576K
Event: 2968.179 GC heap after
Heap after GC invocations=48 (full 9):
 PSYoungGen      total 377856K, used 1748K [0x00000000e0000000, 0x00000000fef00000, 0x0000000100000000)
  eden space 375808K, 0% used [0x00000000e0000000,0x00000000e0000000,0x00000000f6f00000)
  from space 2048K, 85% used [0x00000000f6f00000,0x00000000f70b5190,0x00000000f7100000)
  to   space 65536K, 0% used [0x00000000faf00000,0x00000000faf00000,0x00000000fef00000)
 ParOldGen       total 127488K, used 36780K [0x00000000a0000000, 0x00000000a7c80000, 0x00000000e0000000)
  object space 127488K, 28% used [0x00000000a0000000,0x00000000a23eb240,0x00000000a7c80000)
 Metaspace       used 70887K, capacity 74216K, committed 74496K, reserved 1114112K
  class space    used 8840K, capacity 9391K, committed 9472K, reserved 1048576K
}
Event: 2968.179 GC heap before
{Heap before GC invocations=49 (full 10):
 PSYoungGen      total 377856K, used 1748K [0x00000000e0000000, 0x00000000fef00000, 0x0000000100000000)
  eden space 375808K, 0% used [0x00000000e0000000,0x00000000e0000000,0x00000000f6f00000)
  from space 2048K, 85% used [0x00000000f6f00000,0x00000000f70b5190,0x00000000f7100000)
  to   space 65536K, 0% used [0x00000000faf00000,0x00000000faf00000,0x00000000fef00000)
 ParOldGen       total 127488K, used 36780K [0x00000000a0000000, 0x00000000a7c80000, 0x00000000e0000000)
  object space 127488K, 28% used [0x00000000a0000000,0x00000000a23eb240,0x00000000a7c80000)
 Metaspace       used 70887K, capacity 74216K, committed 74496K, reserved 1114112K
  class space    used 8840K, capacity 9391K, committed 9472K, reserved 1048576K
Event: 2978.038 GC heap after
Heap after GC invocations=49 (full 10):
 PSYoungGen      total 377856K, used 0K [0x00000000e0000000, 0x00000000fef00000, 0x0000000100000000)
  eden space 375808K, 0% used [0x00000000e0000000,0x00000000e0000000,0x00000000f6f00000)
  from space 2048K, 0% used [0x00000000f6f00000,0x00000000f6f00000,0x00000000f7100000)
  to   space 65536K, 0% used [0x00000000faf00000,0x00000000faf00000,0x00000000fef00000)
 ParOldGen       total 127488K, used 36667K [0x00000000a0000000, 0x00000000a7c80000, 0x00000000e0000000)
  object space 127488K, 28% used [0x00000000a0000000,0x00000000a23ced18,0x00000000a7c80000)
 Metaspace       used 70591K, capacity 73866K, committed 74496K, reserved 1114112K
  class space    used 8793K, capacity 9318K, committed 9472K, reserved 1048576K
}

